=== RUN   Test1
21:21:57.484918 [0] listening at [::]:61196
21:21:57.485397 [1] listening at [::]:61197
21:21:57.485815 [2] listening at [::]:61198
21:21:57.486278 [3] listening at [::]:61199
21:21:57.486546 [4] listening at [::]:61200
21:21:57.491971 AT NODE 0: Election timer started: 4.36s, with term=0
21:21:57.492085 AT NODE 1: Election timer started: 5.426s, with term=0
21:21:57.492087 AT NODE 2: Election timer started: 4.61s, with term=0
21:21:57.492091 AT NODE 4: Election timer started: 3.931s, with term=0
21:21:57.492122 AT NODE 3: Election timer started: 4.493s, with term=0
21:22:01.492922 AT NODE 4: became Candidate with term=1;
21:22:01.493257 AT NODE 4: Election timer started: 4.03s, with term=1
21:22:01.493283 AT NODE 4: sending RequestVote to 0: {Term:1 CandidateId:4 LastLogIndex:-1 LastLogTerm:-1 Latency:112}
21:22:01.493325 AT NODE 4: sending RequestVote to 2: {Term:1 CandidateId:4 LastLogIndex:-1 LastLogTerm:-1 Latency:248}
21:22:01.493367 AT NODE 4: sending RequestVote to 3: {Term:1 CandidateId:4 LastLogIndex:-1 LastLogTerm:-1 Latency:302}
21:22:01.493471 AT NODE 4: sending RequestVote to 1: {Term:1 CandidateId:4 LastLogIndex:-1 LastLogTerm:-1 Latency:338}
21:22:01.627570 AT NODE 0: Received Vote Request from NODE 4; Args: {Term:1 CandidateId:4 LastLogIndex:-1 LastLogTerm:-1 Latency:112} [currentTerm=0, votedFor=-1, log index/term=(-1, -1)]
21:22:01.627660 AT NODE 0: became Follower with term=1; log=[]
21:22:01.627761 AT NODE 0: Sending Request Vote Reply: &{Term:1 VoteGranted:true}
21:22:01.627852 AT NODE 0: Election timer started: 4.748s, with term=1
21:22:01.628907 AT NODE 4: received RequestVoteReply from 0: {Term:1 VoteGranted:true}
21:22:01.763835 AT NODE 2: Received Vote Request from NODE 4; Args: {Term:1 CandidateId:4 LastLogIndex:-1 LastLogTerm:-1 Latency:248} [currentTerm=0, votedFor=-1, log index/term=(-1, -1)]
21:22:01.763930 AT NODE 2: became Follower with term=1; log=[]
21:22:01.764084 AT NODE 2: Sending Request Vote Reply: &{Term:1 VoteGranted:true}
21:22:01.764204 AT NODE 2: Election timer started: 4.077s, with term=1
21:22:01.764917 AT NODE 4: received RequestVoteReply from 2: {Term:1 VoteGranted:true}
21:22:01.764952 AT NODE 4: Candidate 4 is now the leader
21:22:01.765040 AT NODE 4: became Leader; term=1, nextIndex=map[0:0 1:0 2:0 3:0], matchIndex=map[0:-1 1:-1 2:-1 3:-1]; log=[]
21:22:01.817739 AT NODE 3: Received Vote Request from NODE 4; Args: {Term:1 CandidateId:4 LastLogIndex:-1 LastLogTerm:-1 Latency:302} [currentTerm=0, votedFor=-1, log index/term=(-1, -1)]
21:22:01.817848 AT NODE 3: became Follower with term=1; log=[]
21:22:01.817964 AT NODE 3: Sending Request Vote Reply: &{Term:1 VoteGranted:true}
21:22:01.818037 AT NODE 3: Election timer started: 3.23s, with term=1
21:22:01.818577 AT NODE 4: received RequestVoteReply from 3: {Term:1 VoteGranted:true}
21:22:01.818616 AT NODE 4: State changed from Candidate to Leader
21:22:01.853800 AT NODE 1: Received Vote Request from NODE 4; Args: {Term:1 CandidateId:4 LastLogIndex:-1 LastLogTerm:-1 Latency:338} [currentTerm=0, votedFor=-1, log index/term=(-1, -1)]
21:22:01.853876 AT NODE 1: became Follower with term=1; log=[]
21:22:01.853953 AT NODE 1: Sending Request Vote Reply: &{Term:1 VoteGranted:true}
21:22:01.854025 AT NODE 1: Election timer started: 3.808s, with term=1
21:22:01.854579 AT NODE 4: received RequestVoteReply from 1: {Term:1 VoteGranted:true}
21:22:01.854614 AT NODE 4: State changed from Candidate to Leader
21:22:01.994778 [ACTION] Disconnecting 4
21:22:05.219010 AT NODE 3: became Candidate with term=2;
21:22:05.219429 AT NODE 3: Election timer started: 3.055s, with term=2
21:22:05.219436 AT NODE 3: sending RequestVote to 1: {Term:2 CandidateId:3 LastLogIndex:-1 LastLogTerm:-1 Latency:30}
21:22:05.219437 AT NODE 3: sending RequestVote to 4: {Term:2 CandidateId:3 LastLogIndex:-1 LastLogTerm:-1 Latency:0}
21:22:05.219438 AT NODE 3: sending RequestVote to 2: {Term:2 CandidateId:3 LastLogIndex:-1 LastLogTerm:-1 Latency:342}
21:22:05.219526 AT NODE 3: sending RequestVote to 0: {Term:2 CandidateId:3 LastLogIndex:-1 LastLogTerm:-1 Latency:218}
21:22:05.272096 AT NODE 1: Received Vote Request from NODE 3; Args: {Term:2 CandidateId:3 LastLogIndex:-1 LastLogTerm:-1 Latency:30} [currentTerm=1, votedFor=4, log index/term=(-1, -1)]
21:22:05.272278 AT NODE 1: became Follower with term=2; log=[]
21:22:05.272453 AT NODE 1: Sending Request Vote Reply: &{Term:2 VoteGranted:true}
21:22:05.272586 AT NODE 1: Election timer started: 5.055s, with term=2
21:22:05.273640 AT NODE 3: received RequestVoteReply from 1: {Term:2 VoteGranted:true}
21:22:05.459608 AT NODE 0: Received Vote Request from NODE 3; Args: {Term:2 CandidateId:3 LastLogIndex:-1 LastLogTerm:-1 Latency:218} [currentTerm=1, votedFor=4, log index/term=(-1, -1)]
21:22:05.459824 AT NODE 0: became Follower with term=2; log=[]
21:22:05.460028 AT NODE 0: Sending Request Vote Reply: &{Term:2 VoteGranted:true}
21:22:05.460211 AT NODE 0: Election timer started: 4.433s, with term=2
21:22:05.461500 AT NODE 3: received RequestVoteReply from 0: {Term:2 VoteGranted:true}
21:22:05.461571 AT NODE 3: Candidate 3 is now the leader
21:22:05.461824 AT NODE 3: became Leader; term=2, nextIndex=map[0:0 1:0 2:0 4:0], matchIndex=map[0:-1 1:-1 2:-1 4:-1]; log=[]
21:22:05.584230 AT NODE 2: Received Vote Request from NODE 3; Args: {Term:2 CandidateId:3 LastLogIndex:-1 LastLogTerm:-1 Latency:342} [currentTerm=1, votedFor=4, log index/term=(-1, -1)]
21:22:05.584438 AT NODE 2: became Follower with term=2; log=[]
21:22:05.584654 AT NODE 2: Sending Request Vote Reply: &{Term:2 VoteGranted:true}
21:22:05.584797 AT NODE 2: Election timer started: 4.07s, with term=2
21:22:05.586050 AT NODE 3: received RequestVoteReply from 2: {Term:2 VoteGranted:true}
21:22:05.586128 AT NODE 3: State changed from Candidate to Leader
21:22:05.750549 [ACTION] Disconnecting 3
21:22:09.785697 AT NODE 2: became Candidate with term=3;
21:22:09.786054 AT NODE 2: sending RequestVote to 0: {Term:3 CandidateId:2 LastLogIndex:-1 LastLogTerm:-1 Latency:286}
21:22:09.786134 AT NODE 2: Election timer started: 4.501s, with term=3
21:22:09.786144 AT NODE 2: sending RequestVote to 3: {Term:3 CandidateId:2 LastLogIndex:-1 LastLogTerm:-1 Latency:98}
21:22:09.786055 AT NODE 2: sending RequestVote to 1: {Term:3 CandidateId:2 LastLogIndex:-1 LastLogTerm:-1 Latency:440}
21:22:09.786054 AT NODE 2: sending RequestVote to 4: {Term:3 CandidateId:2 LastLogIndex:-1 LastLogTerm:-1 Latency:376}
21:22:10.094678 AT NODE 0: Received Vote Request from NODE 2; Args: {Term:3 CandidateId:2 LastLogIndex:-1 LastLogTerm:-1 Latency:286} [currentTerm=2, votedFor=3, log index/term=(-1, -1)]
21:22:10.094939 AT NODE 0: became Follower with term=3; log=[]
21:22:10.095151 AT NODE 0: Sending Request Vote Reply: &{Term:3 VoteGranted:true}
21:22:10.095303 AT NODE 0: Election timer started: 4.432s, with term=3
21:22:10.096625 AT NODE 2: received RequestVoteReply from 0: {Term:3 VoteGranted:true}
21:22:10.248653 AT NODE 1: Received Vote Request from NODE 2; Args: {Term:3 CandidateId:2 LastLogIndex:-1 LastLogTerm:-1 Latency:440} [currentTerm=2, votedFor=3, log index/term=(-1, -1)]
21:22:10.248856 AT NODE 1: became Follower with term=3; log=[]
21:22:10.249033 AT NODE 1: Sending Request Vote Reply: &{Term:3 VoteGranted:true}
21:22:10.249174 AT NODE 1: Election timer started: 4.763s, with term=3
21:22:10.250390 AT NODE 2: received RequestVoteReply from 1: {Term:3 VoteGranted:true}
21:22:10.250466 AT NODE 2: Candidate 2 is now the leader
21:22:10.250610 AT NODE 2: became Leader; term=3, nextIndex=map[0:0 1:0 3:0 4:0], matchIndex=map[0:-1 1:-1 3:-1 4:-1]; log=[]
21:22:10.256786 [ACTION] Disconnecting 2
21:22:15.096224 AT NODE 0: became Candidate with term=4;
21:22:15.096675 AT NODE 0: sending RequestVote to 1: {Term:4 CandidateId:0 LastLogIndex:-1 LastLogTerm:-1 Latency:213}
21:22:15.096676 AT NODE 0: sending RequestVote to 4: {Term:4 CandidateId:0 LastLogIndex:-1 LastLogTerm:-1 Latency:169}
21:22:15.096676 AT NODE 0: sending RequestVote to 3: {Term:4 CandidateId:0 LastLogIndex:-1 LastLogTerm:-1 Latency:275}
21:22:15.096681 AT NODE 0: sending RequestVote to 2: {Term:4 CandidateId:0 LastLogIndex:-1 LastLogTerm:-1 Latency:189}
21:22:15.096778 AT NODE 0: Election timer started: 3.741s, with term=4
21:22:15.332453 AT NODE 1: Received Vote Request from NODE 0; Args: {Term:4 CandidateId:0 LastLogIndex:-1 LastLogTerm:-1 Latency:213} [currentTerm=3, votedFor=2, log index/term=(-1, -1)]
21:22:15.332680 AT NODE 1: became Follower with term=4; log=[]
21:22:15.332888 AT NODE 1: Sending Request Vote Reply: &{Term:4 VoteGranted:true}
21:22:15.333029 AT NODE 1: Election timer started: 3.264s, with term=4
21:22:15.334347 AT NODE 0: received RequestVoteReply from 1: {Term:4 VoteGranted:true}
21:22:18.734011 AT NODE 1: became Candidate with term=5;
21:22:18.734517 AT NODE 1: Election timer started: 3.184s, with term=5
21:22:18.734557 AT NODE 1: sending RequestVote to 3: {Term:5 CandidateId:1 LastLogIndex:-1 LastLogTerm:-1 Latency:489}
21:22:18.734642 AT NODE 1: sending RequestVote to 2: {Term:5 CandidateId:1 LastLogIndex:-1 LastLogTerm:-1 Latency:293}
21:22:18.734558 AT NODE 1: sending RequestVote to 4: {Term:5 CandidateId:1 LastLogIndex:-1 LastLogTerm:-1 Latency:160}
21:22:18.734546 AT NODE 1: sending RequestVote to 0: {Term:5 CandidateId:1 LastLogIndex:-1 LastLogTerm:-1 Latency:278}
21:22:18.898033 AT NODE 0: became Candidate with term=5;
21:22:18.898407 AT NODE 0: Election timer started: 5.066s, with term=5
21:22:18.898451 AT NODE 0: sending RequestVote to 3: {Term:5 CandidateId:0 LastLogIndex:-1 LastLogTerm:-1 Latency:247}
21:22:18.898521 AT NODE 0: sending RequestVote to 2: {Term:5 CandidateId:0 LastLogIndex:-1 LastLogTerm:-1 Latency:420}
21:22:18.898436 AT NODE 0: sending RequestVote to 4: {Term:5 CandidateId:0 LastLogIndex:-1 LastLogTerm:-1 Latency:70}
21:22:18.898436 AT NODE 0: sending RequestVote to 1: {Term:5 CandidateId:0 LastLogIndex:-1 LastLogTerm:-1 Latency:431}
21:22:19.035439 AT NODE 0: Received Vote Request from NODE 1; Args: {Term:5 CandidateId:1 LastLogIndex:-1 LastLogTerm:-1 Latency:278} [currentTerm=5, votedFor=0, log index/term=(-1, -1)]
21:22:19.035816 AT NODE 0: Sending Request Vote Reply: &{Term:5 VoteGranted:false}
21:22:19.037292 AT NODE 1: received RequestVoteReply from 0: {Term:5 VoteGranted:false}
21:22:19.351537 AT NODE 1: Received Vote Request from NODE 0; Args: {Term:5 CandidateId:0 LastLogIndex:-1 LastLogTerm:-1 Latency:431} [currentTerm=5, votedFor=1, log index/term=(-1, -1)]
21:22:19.351948 AT NODE 1: Sending Request Vote Reply: &{Term:5 VoteGranted:false}
21:22:19.352515 AT NODE 0: received RequestVoteReply from 1: {Term:5 VoteGranted:false}
21:22:21.935520 AT NODE 1: became Candidate with term=6;
21:22:21.935940 AT NODE 1: sending RequestVote to 3: {Term:6 CandidateId:1 LastLogIndex:-1 LastLogTerm:-1 Latency:182}
21:22:21.935943 AT NODE 1: sending RequestVote to 0: {Term:6 CandidateId:1 LastLogIndex:-1 LastLogTerm:-1 Latency:392}
21:22:21.935951 AT NODE 1: sending RequestVote to 2: {Term:6 CandidateId:1 LastLogIndex:-1 LastLogTerm:-1 Latency:212}
21:22:21.935946 AT NODE 1: sending RequestVote to 4: {Term:6 CandidateId:1 LastLogIndex:-1 LastLogTerm:-1 Latency:359}
21:22:21.936034 AT NODE 1: Election timer started: 3.195s, with term=6
21:22:22.349860 AT NODE 0: Received Vote Request from NODE 1; Args: {Term:6 CandidateId:1 LastLogIndex:-1 LastLogTerm:-1 Latency:392} [currentTerm=5, votedFor=0, log index/term=(-1, -1)]
21:22:22.350072 AT NODE 0: became Follower with term=6; log=[]
21:22:22.350294 AT NODE 0: Sending Request Vote Reply: &{Term:6 VoteGranted:true}
21:22:22.350450 AT NODE 0: Election timer started: 3.291s, with term=6
21:22:22.350873 AT NODE 1: received RequestVoteReply from 0: {Term:6 VoteGranted:true}
21:22:25.137297 AT NODE 1: became Candidate with term=7;
21:22:25.137650 AT NODE 1: Election timer started: 4.276s, with term=7
21:22:25.137697 AT NODE 1: sending RequestVote to 3: {Term:7 CandidateId:1 LastLogIndex:-1 LastLogTerm:-1 Latency:73}
21:22:25.137792 AT NODE 1: sending RequestVote to 2: {Term:7 CandidateId:1 LastLogIndex:-1 LastLogTerm:-1 Latency:37}
21:22:25.137827 AT NODE 1: sending RequestVote to 0: {Term:7 CandidateId:1 LastLogIndex:-1 LastLogTerm:-1 Latency:154}
21:22:25.137697 AT NODE 1: sending RequestVote to 4: {Term:7 CandidateId:1 LastLogIndex:-1 LastLogTerm:-1 Latency:161}
21:22:25.313709 AT NODE 0: Received Vote Request from NODE 1; Args: {Term:7 CandidateId:1 LastLogIndex:-1 LastLogTerm:-1 Latency:154} [currentTerm=6, votedFor=1, log index/term=(-1, -1)]
21:22:25.313914 AT NODE 0: became Follower with term=7; log=[]
21:22:25.314142 AT NODE 0: Sending Request Vote Reply: &{Term:7 VoteGranted:true}
21:22:25.314298 AT NODE 0: Election timer started: 5.265s, with term=7
21:22:25.314742 AT NODE 1: received RequestVoteReply from 0: {Term:7 VoteGranted:true}
    raft_cluster.go:145: leader not found
21:22:28.277069 AT NODE 0: KILLED
21:22:28.277214 AT NODE 0: applyCommitedLogEntries done
21:22:28.277281 AT NODE 1: KILLED
21:22:28.277395 AT NODE 1: applyCommitedLogEntries done
--- FAIL: Test1 (30.80s)
FAIL
exit status 1
FAIL	RaftLogReplication	31.213s
